<?xml version="1.0" encoding="UTF-8"?>
<!-- Generated by org.testng.reporters.JUnitXMLReporter -->
<testsuite ignored="0" hostname="INBOOK_X1_SLIM" failures="0" tests="3" name="A" time="5.429" errors="0" timestamp="2023-07-05T13:00:11 IST">
  <testcase classname="genericLibrary.BaseClass" name="@AfterClass classTearDown" time="0.168">
    <failure type="java.lang.NullPointerException">
      <![CDATA[java.lang.NullPointerException
at genericLibrary.ExcelLibrary.closeExcel(ExcelLibrary.java:61)
at genericLibrary.BaseClass.classTearDown(BaseClass.java:56)
at java.base/java.util.ArrayList.forEach(ArrayList.java:1541)
... Removed 25 stack frames]]>
    </failure>
  </testcase> <!-- @AfterClass classTearDown -->
  <testcase classname="script.Practice" name="m" time="0.007"/>
  <testcase classname="script.Practice" name="m1" time="0.002"/>
  <testcase classname="script.Practice" name="m2" time="0.001"/>
</testsuite> <!-- A -->
