<?xml version="1.0" encoding="UTF-8"?>
<!-- Generated by org.testng.reporters.JUnitXMLReporter -->
<testsuite ignored="0" hostname="INBOOK_X1_SLIM" failures="0" tests="3" name="Test1" time="15.915" errors="0" timestamp="2023-07-05T12:48:08 IST">
  <testcase classname="genericLibrary.BaseClass" name="@AfterClass classTearDown" time="0.65">
    <failure type="java.lang.NullPointerException">
      <![CDATA[java.lang.NullPointerException
at genericLibrary.ExcelLibrary.closeExcel(ExcelLibrary.java:61)
at genericLibrary.BaseClass.classTearDown(BaseClass.java:56)
at java.base/java.util.ArrayList.forEach(ArrayList.java:1541)
at java.base/java.util.concurrent.FutureTask.run(FutureTask.java:264)
at java.base/java.util.concurrent.ThreadPoolExecutor.runWorker(ThreadPoolExecutor.java:1128)
at java.base/java.util.concurrent.ThreadPoolExecutor$Worker.run(ThreadPoolExecutor.java:628)
at java.base/java.lang.Thread.run(Thread.java:834)
... Removed 16 stack frames]]>
    </failure>
  </testcase> <!-- @AfterClass classTearDown -->
  <testcase classname="genericLibrary.BaseClass" name="@AfterClass classTearDown" time="1.026">
    <failure type="java.lang.NullPointerException">
      <![CDATA[java.lang.NullPointerException
at genericLibrary.ExcelLibrary.closeExcel(ExcelLibrary.java:61)
at genericLibrary.BaseClass.classTearDown(BaseClass.java:56)
at java.base/java.util.ArrayList.forEach(ArrayList.java:1541)
at java.base/java.util.concurrent.FutureTask.run(FutureTask.java:264)
at java.base/java.util.concurrent.ThreadPoolExecutor.runWorker(ThreadPoolExecutor.java:1128)
at java.base/java.util.concurrent.ThreadPoolExecutor$Worker.run(ThreadPoolExecutor.java:628)
at java.base/java.lang.Thread.run(Thread.java:834)
... Removed 16 stack frames]]>
    </failure>
  </testcase> <!-- @AfterClass classTearDown -->
  <testcase classname="script.Practice" name="m" time="0.001"/>
  <testcase classname="script.Practice" name="m1" time="0.001"/>
  <testcase classname="script.Practice" name="m2" time="0.001"/>
</testsuite> <!-- Test1 -->
