<?xml version="1.0" encoding="UTF-8"?>
<testng-results ignored="0" total="1" passed="0" failed="1" skipped="0">
  <reporter-output>
    <line>
      <![CDATA[verifyElementIsPresentOrNottest execution started]]>
    </line>
  </reporter-output>
  <suite started-at="2023-07-07T16:39:55 IST" name="Default suite" finished-at="2023-07-07T16:40:03 IST" duration-ms="7810">
    <groups>
    </groups>
    <test started-at="2023-07-07T16:39:55 IST" name="Default test" finished-at="2023-07-07T16:40:03 IST" duration-ms="7810">
      <class name="script.VerifyCategoryIsDisplay">
        <test-method is-config="true" signature="suiteConfig()[pri:0, instance:script.VerifyCategoryIsDisplay@1b1426f4]" started-at="2023-07-07T16:39:55 IST" name="suiteConfig" finished-at="2023-07-07T16:39:55 IST" duration-ms="11" status="PASS">
          <reporter-output>
          </reporter-output>
        </test-method> <!-- suiteConfig -->
        <test-method is-config="true" signature="testConfig()[pri:0, instance:script.VerifyCategoryIsDisplay@1b1426f4]" started-at="2023-07-07T16:39:56 IST" name="testConfig" finished-at="2023-07-07T16:39:56 IST" duration-ms="0" status="PASS">
          <reporter-output>
          </reporter-output>
        </test-method> <!-- testConfig -->
        <test-method is-config="true" signature="classConfig()[pri:0, instance:script.VerifyCategoryIsDisplay@1b1426f4]" started-at="2023-07-07T16:39:56 IST" name="classConfig" finished-at="2023-07-07T16:40:02 IST" duration-ms="6323" status="PASS">
          <reporter-output>
          </reporter-output>
        </test-method> <!-- classConfig -->
        <test-method is-config="true" signature="tearDownConfig()[pri:0, instance:script.VerifyCategoryIsDisplay@1b1426f4]" started-at="2023-07-07T16:40:02 IST" name="tearDownConfig" finished-at="2023-07-07T16:40:02 IST" duration-ms="0" status="PASS">
          <reporter-output>
          </reporter-output>
        </test-method> <!-- tearDownConfig -->
        <test-method signature="verifyElementIsPresentOrNot()[pri:0, instance:script.VerifyCategoryIsDisplay@1b1426f4]" started-at="2023-07-07T16:40:02 IST" name="verifyElementIsPresentOrNot" finished-at="2023-07-07T16:40:02 IST" duration-ms="361" status="FAIL">
          <exception class="org.openqa.selenium.JavascriptException">
            <message>
              <![CDATA[javascript error: Cannot read properties of null (reading 'shadowRoot')
  (Session info: chrome=114.0.5735.199)
Build info: version: '3.141.59', revision: 'e82be7d358', time: '2018-11-14T08:17:03'
System info: host: 'INBOOK_X1_SLIM', ip: '192.168.133.49', os.name: 'Windows 11', os.arch: 'amd64', os.version: '10.0', java.version: '11.0.17'
Driver info: org.openqa.selenium.chrome.ChromeDriver
Capabilities {acceptInsecureCerts: false, browserName: chrome, browserVersion: 114.0.5735.199, chrome: {chromedriverVersion: 114.0.5735.90 (386bc09e8f4f..., userDataDir: C:\Users\WARISA~1\AppData\L...}, goog:chromeOptions: {debuggerAddress: localhost:60042}, javascriptEnabled: true, networkConnectionEnabled: false, pageLoadStrategy: normal, platform: WINDOWS, platformName: WINDOWS, proxy: Proxy(), setWindowRect: true, strictFileInteractability: false, timeouts: {implicit: 0, pageLoad: 300000, script: 30000}, unhandledPromptBehavior: dismiss and notify, webauthn:extension:credBlob: true, webauthn:extension:largeBlob: true, webauthn:extension:minPinLength: true, webauthn:extension:prf: true, webauthn:virtualAuthenticators: true}
Session ID: 50a776f0e782765aac433211535acf2c]]>
            </message>
            <full-stacktrace>
              <![CDATA[org.openqa.selenium.JavascriptException: javascript error: Cannot read properties of null (reading 'shadowRoot')
  (Session info: chrome=114.0.5735.199)
Build info: version: '3.141.59', revision: 'e82be7d358', time: '2018-11-14T08:17:03'
System info: host: 'INBOOK_X1_SLIM', ip: '192.168.133.49', os.name: 'Windows 11', os.arch: 'amd64', os.version: '10.0', java.version: '11.0.17'
Driver info: org.openqa.selenium.chrome.ChromeDriver
Capabilities {acceptInsecureCerts: false, browserName: chrome, browserVersion: 114.0.5735.199, chrome: {chromedriverVersion: 114.0.5735.90 (386bc09e8f4f..., userDataDir: C:\Users\WARISA~1\AppData\L...}, goog:chromeOptions: {debuggerAddress: localhost:60042}, javascriptEnabled: true, networkConnectionEnabled: false, pageLoadStrategy: normal, platform: WINDOWS, platformName: WINDOWS, proxy: Proxy(), setWindowRect: true, strictFileInteractability: false, timeouts: {implicit: 0, pageLoad: 300000, script: 30000}, unhandledPromptBehavior: dismiss and notify, webauthn:extension:credBlob: true, webauthn:extension:largeBlob: true, webauthn:extension:minPinLength: true, webauthn:extension:prf: true, webauthn:virtualAuthenticators: true}
Session ID: 50a776f0e782765aac433211535acf2c
at java.base/jdk.internal.reflect.NativeConstructorAccessorImpl.newInstance0(Native Method)
at java.base/jdk.internal.reflect.NativeConstructorAccessorImpl.newInstance(NativeConstructorAccessorImpl.java:62)
at java.base/jdk.internal.reflect.DelegatingConstructorAccessorImpl.newInstance(DelegatingConstructorAccessorImpl.java:45)
at java.base/java.lang.reflect.Constructor.newInstance(Constructor.java:490)
at org.openqa.selenium.remote.http.W3CHttpResponseCodec.createException(W3CHttpResponseCodec.java:187)
at org.openqa.selenium.remote.http.W3CHttpResponseCodec.decode(W3CHttpResponseCodec.java:122)
at org.openqa.selenium.remote.http.W3CHttpResponseCodec.decode(W3CHttpResponseCodec.java:49)
at org.openqa.selenium.remote.HttpCommandExecutor.execute(HttpCommandExecutor.java:158)
at org.openqa.selenium.remote.service.DriverCommandExecutor.execute(DriverCommandExecutor.java:83)
at org.openqa.selenium.remote.RemoteWebDriver.execute(RemoteWebDriver.java:552)
at org.openqa.selenium.remote.RemoteWebDriver.executeScript(RemoteWebDriver.java:489)
at script.VerifyCategoryIsDisplay.verifyElementIsPresentOrNot(VerifyCategoryIsDisplay.java:31)
at java.base/jdk.internal.reflect.NativeMethodAccessorImpl.invoke0(Native Method)
at java.base/jdk.internal.reflect.NativeMethodAccessorImpl.invoke(NativeMethodAccessorImpl.java:62)
at java.base/jdk.internal.reflect.DelegatingMethodAccessorImpl.invoke(DelegatingMethodAccessorImpl.java:43)
at java.base/java.lang.reflect.Method.invoke(Method.java:566)
at org.testng.internal.MethodInvocationHelper.invokeMethod(MethodInvocationHelper.java:133)
at org.testng.internal.TestInvoker.invokeMethod(TestInvoker.java:598)
at org.testng.internal.TestInvoker.invokeTestMethod(TestInvoker.java:173)
at org.testng.internal.MethodRunner.runInSequence(MethodRunner.java:46)
at org.testng.internal.TestInvoker$MethodInvocationAgent.invoke(TestInvoker.java:824)
at org.testng.internal.TestInvoker.invokeTestMethods(TestInvoker.java:146)
at org.testng.internal.TestMethodWorker.invokeTestMethods(TestMethodWorker.java:146)
at org.testng.internal.TestMethodWorker.run(TestMethodWorker.java:128)
at java.base/java.util.ArrayList.forEach(ArrayList.java:1541)
at org.testng.TestRunner.privateRun(TestRunner.java:794)
at org.testng.TestRunner.run(TestRunner.java:596)
at org.testng.SuiteRunner.runTest(SuiteRunner.java:377)
at org.testng.SuiteRunner.runSequentially(SuiteRunner.java:371)
at org.testng.SuiteRunner.privateRun(SuiteRunner.java:332)
at org.testng.SuiteRunner.run(SuiteRunner.java:276)
at org.testng.SuiteRunnerWorker.runSuite(SuiteRunnerWorker.java:53)
at org.testng.SuiteRunnerWorker.run(SuiteRunnerWorker.java:96)
at org.testng.TestNG.runSuitesSequentially(TestNG.java:1212)
at org.testng.TestNG.runSuitesLocally(TestNG.java:1134)
at org.testng.TestNG.runSuites(TestNG.java:1063)
at org.testng.TestNG.run(TestNG.java:1031)
at org.testng.remote.AbstractRemoteTestNG.run(AbstractRemoteTestNG.java:115)
at org.testng.remote.RemoteTestNG.initAndRun(RemoteTestNG.java:251)
at org.testng.remote.RemoteTestNG.main(RemoteTestNG.java:77)
]]>
            </full-stacktrace>
          </exception> <!-- org.openqa.selenium.JavascriptException -->
          <reporter-output>
            <line>
              <![CDATA[verifyElementIsPresentOrNottest execution started]]>
            </line>
          </reporter-output>
        </test-method> <!-- verifyElementIsPresentOrNot -->
        <test-method is-config="true" signature="tearDownMethod()[pri:0, instance:script.VerifyCategoryIsDisplay@1b1426f4]" started-at="2023-07-07T16:40:03 IST" name="tearDownMethod" finished-at="2023-07-07T16:40:03 IST" duration-ms="0" status="PASS">
          <reporter-output>
          </reporter-output>
        </test-method> <!-- tearDownMethod -->
        <test-method is-config="true" signature="classTearDown()[pri:0, instance:script.VerifyCategoryIsDisplay@1b1426f4]" started-at="2023-07-07T16:40:03 IST" name="classTearDown" finished-at="2023-07-07T16:40:03 IST" duration-ms="370" status="PASS">
          <reporter-output>
          </reporter-output>
        </test-method> <!-- classTearDown -->
      </class> <!-- script.VerifyCategoryIsDisplay -->
    </test> <!-- Default test -->
  </suite> <!-- Default suite -->
</testng-results>
